
--------------------------------------------------
TXLib соболезнует...

Программа: D:\Andrei\Обучение И\Game\bin\Debug\Game.exe, файл: c:\codeblocks\codeblocks\mingw\include\txlib.h, строка: 13628, функция: bool {anonymous}::TX::txBitBlt(HDC, double, double, double, double, HDC, double, double, unsigned int),

Сообщение: Параметр "sourceImage" неверен. Возможно, этот холст не создан, или уже уничтожен, или не загрузилась картинка.

#1: TXLib [Ver: 00173a, Rev: 171, Date: 2022-07-23 02:08:28 +0400], Instance: 0x004F32FC (32-bit), Flags: CMdRe0, Thread: 0x13AC (Main), GetLastError(): 13 (Недопустимые данные). 

--------------------------------------------------
Стек вызовов:

# 0 0x00416409 in D:\Andrei\Обучение И\Game\bin\Debug\Game.exe: txBitBlt() at c:/codeblocks/codeblocks/mingw/include/txlib.h (13628)

# 1 0x0041C627 in D:\Andrei\Обучение И\Game\bin\Debug\Game.exe: main() at D:/Andrei/Обучение И/Game/main.cpp (19):

     17:         txSetColor (TX_WHITE);
     18:         txSetFillColor(TX_BLACK);
=>   19:         txBitBlt (txDC(), xFon, yFon, 3600, 2400, background);
     20:         txTransparentBlt (txDC(), xSpaceman, ySpaceman,1200 ,800 , spaceman, 0 , 0, TX_BLACK);
     21: 

--------------------------------------------------
Developed with:

The Dumb Artist Library (TX Library)
TXLib [Ver: 00173a, Rev: 171, Date: 2022-07-23 02:08:28 +0400]
Copyright (C) Ded (Ilya Dedinsky, http://txlib.ru) <mail@txlib.ru>
See license on: http://txlib.ru

TXLib file:	c:\codeblocks\codeblocks\mingw\include\txlib.h
Compiled:	Jan 16 2023 17:16:27, GNU g++ 4.8.1, std=201103L, MinGW Runtime 3.20, 32-bit, Debug
Started:	Jan 16 2023 17:16:45

Run file:	D:\Andrei\Обучение И\Game\bin\Debug\Game.exe
Directory:	D:\Andrei\Обучение И\Game

--------------------------------------------------

--------------------------------------------------
TXLib соболезнует...

Программа: D:\Andrei\Обучение И\Game\bin\Debug\Game.exe, файл: c:\codeblocks\codeblocks\mingw\include\txlib.h, строка: 13657, функция: bool {anonymous}::TX::txTransparentBlt(HDC, double, double, double, double, HDC, double, double, COLORREF),

Сообщение: Параметр "sourceImage" неверен. Возможно, этот холст не создан, или уже уничтожен, или не загрузилась картинка.

#1: TXLib [Ver: 00173a, Rev: 171, Date: 2022-07-23 02:08:28 +0400], Instance: 0x004F32FC (32-bit), Flags: CMdRe0, Thread: 0x2FC0 (Main), GetLastError(): 13 (Недопустимые данные). 

--------------------------------------------------
Стек вызовов:

# 0 0x00416869 in D:\Andrei\Обучение И\Game\bin\Debug\Game.exe: txTransparentBlt() at c:/codeblocks/codeblocks/mingw/include/txlib.h (13657)

# 1 0x0041C69B in D:\Andrei\Обучение И\Game\bin\Debug\Game.exe: main() at D:/Andrei/Обучение И/Game/main.cpp (18):

     16:         txSetFillColor(TX_BLACK);
     17:         txBitBlt (txDC(), 0, 0, 1920, 1080, background, 0, 0);
=>   18:         txTransparentBlt(txDC() ,xGumonoid ,yGumonoid ,150 ,754 , gumonoid ,0 , 0, TX_BLACK);
     19:         if(GetAsyncKeyState('W'))
     20:         {

--------------------------------------------------
Developed with:

The Dumb Artist Library (TX Library)
TXLib [Ver: 00173a, Rev: 171, Date: 2022-07-23 02:08:28 +0400]
Copyright (C) Ded (Ilya Dedinsky, http://txlib.ru) <mail@txlib.ru>
See license on: http://txlib.ru

TXLib file:	c:\codeblocks\codeblocks\mingw\include\txlib.h
Compiled:	Jan 20 2023 17:41:25, GNU g++ 4.8.1, std=201103L, MinGW Runtime 3.20, 32-bit, Debug
Started:	Jan 20 2023 17:41:47

Run file:	D:\Andrei\Обучение И\Game\bin\Debug\Game.exe
Directory:	D:\Andrei\Обучение И\Game

--------------------------------------------------
